[01:04:39] [main/WARN]: Ambiguity between arguments [teleport, destination] and [teleport, targets] with inputs: [Player, 0123, @e, dd12be42-52a9-4a91-a8a1-11c01849e498]
[01:04:39] [main/WARN]: Ambiguity between arguments [teleport, location] and [teleport, destination] with inputs: [0.1 -0.5 .9, 0 0 0]
[01:04:39] [main/WARN]: Ambiguity between arguments [teleport, location] and [teleport, targets] with inputs: [0.1 -0.5 .9, 0 0 0]
[01:04:39] [main/WARN]: Ambiguity between arguments [teleport, targets] and [teleport, destination] with inputs: [Player, 0123, dd12be42-52a9-4a91-a8a1-11c01849e498]
[01:04:39] [main/WARN]: Ambiguity between arguments [teleport, targets, location] and [teleport, targets, destination] with inputs: [0.1 -0.5 .9, 0 0 0]
[01:04:39] [main/INFO]: Reloading ResourceManager: Default
[01:04:39] [Worker-Main-8/INFO]: Loaded 7 recipes
[01:04:39] [Worker-Main-8/INFO]: Loaded 927 advancements
[01:04:41] [Server thread/INFO]: Starting minecraft server version 1.16.4
[01:04:41] [Server thread/INFO]: Loading properties
[01:04:41] [Server thread/INFO]: Default game type: SURVIVAL
[01:04:41] [Server thread/INFO]: Generating keypair
[01:04:42] [Server thread/INFO]: Starting Minecraft server on *:25565
[01:04:42] [Server thread/INFO]: Using default channel type
[01:04:42] [Server thread/INFO]: Preparing level "world"
[01:04:43] [Server thread/INFO]: Preparing start region for dimension minecraft:overworld
[01:04:44] [Server thread/INFO]: Preparing spawn area: 0%
[01:04:44] [Server thread/INFO]: Preparing spawn area: 0%
[01:04:44] [Server thread/INFO]: Preparing spawn area: 0%
[01:04:44] [Server thread/INFO]: Preparing spawn area: 0%
[01:04:44] [Server thread/INFO]: Time elapsed: 1923 ms
[01:04:44] [Server thread/INFO]: Done (2.002s)! For help, type "help"
