[02:42:04] [ServerMain/INFO]: Environment: authHost='https://authserver.mojang.com', accountsHost='https://api.mojang.com', sessionHost='https://sessionserver.mojang.com', servicesHost='https://api.minecraftservices.com', name='PROD'
[02:42:09] [ServerMain/WARN]: Ambiguity between arguments [teleport, location] and [teleport, destination] with inputs: [0.1 -0.5 .9, 0 0 0]
[02:42:09] [ServerMain/WARN]: Ambiguity between arguments [teleport, location] and [teleport, targets] with inputs: [0.1 -0.5 .9, 0 0 0]
[02:42:09] [ServerMain/WARN]: Ambiguity between arguments [teleport, destination] and [teleport, targets] with inputs: [Player, 0123, @e, dd12be42-52a9-4a91-a8a1-11c01849e498]
[02:42:09] [ServerMain/WARN]: Ambiguity between arguments [teleport, targets] and [teleport, destination] with inputs: [Player, 0123, dd12be42-52a9-4a91-a8a1-11c01849e498]
[02:42:09] [ServerMain/WARN]: Ambiguity between arguments [teleport, targets, location] and [teleport, targets, destination] with inputs: [0.1 -0.5 .9, 0 0 0]
[02:42:10] [Worker-Main-8/INFO]: Loaded 7 recipes
[02:42:10] [Worker-Main-8/INFO]: Loaded 1141 advancements
[02:42:14] [Server thread/INFO]: Starting minecraft server version 1.18.2
[02:42:14] [Server thread/INFO]: Loading properties
[02:42:14] [Server thread/INFO]: Default game type: SURVIVAL
[02:42:14] [Server thread/INFO]: Generating keypair
[02:42:15] [Server thread/INFO]: Starting Minecraft server on *:25565
[02:42:15] [Server thread/INFO]: Using default channel type
[02:42:15] [Server thread/INFO]: Preparing level "world"
[02:42:15] [Server thread/INFO]: Preparing start region for dimension minecraft:overworld
[02:42:16] [Worker-Main-6/INFO]: Preparing spawn area: 0%
[02:42:16] [Worker-Main-6/INFO]: Preparing spawn area: 0%
[02:42:16] [Worker-Main-9/INFO]: Preparing spawn area: 0%
[02:42:17] [Worker-Main-9/INFO]: Preparing spawn area: 0%
[02:42:17] [Worker-Main-7/INFO]: Preparing spawn area: 0%
[02:42:18] [Worker-Main-6/INFO]: Preparing spawn area: 0%
[02:42:18] [Worker-Main-9/INFO]: Preparing spawn area: 0%
[02:42:19] [Worker-Main-6/INFO]: Preparing spawn area: 0%
[02:42:19] [Worker-Main-10/INFO]: Preparing spawn area: 0%
[02:42:20] [Worker-Main-10/INFO]: Preparing spawn area: 0%
[02:42:20] [Worker-Main-6/INFO]: Preparing spawn area: 0%
[02:42:21] [Worker-Main-9/INFO]: Preparing spawn area: 0%
[02:42:21] [Worker-Main-7/INFO]: Preparing spawn area: 0%
[02:42:22] [Worker-Main-7/INFO]: Preparing spawn area: 0%
[02:42:22] [Worker-Main-7/INFO]: Preparing spawn area: 0%
[02:42:23] [Worker-Main-7/INFO]: Preparing spawn area: 0%
[02:42:23] [Worker-Main-6/INFO]: Preparing spawn area: 1%
[02:42:24] [Worker-Main-10/INFO]: Preparing spawn area: 1%
[02:42:24] [Worker-Main-10/INFO]: Preparing spawn area: 1%
[02:42:25] [Worker-Main-10/INFO]: Preparing spawn area: 1%
[02:42:25] [Worker-Main-9/INFO]: Preparing spawn area: 2%
[02:42:26] [Worker-Main-9/INFO]: Preparing spawn area: 3%
[02:42:26] [Worker-Main-10/INFO]: Preparing spawn area: 6%
[02:42:27] [Worker-Main-10/INFO]: Preparing spawn area: 10%
[02:42:27] [Worker-Main-10/INFO]: Preparing spawn area: 11%
[02:42:28] [Worker-Main-8/INFO]: Preparing spawn area: 17%
[02:42:28] [Worker-Main-8/INFO]: Preparing spawn area: 26%
[02:42:29] [Worker-Main-10/INFO]: Preparing spawn area: 27%
[02:42:29] [Worker-Main-7/INFO]: Preparing spawn area: 33%
[02:42:30] [Worker-Main-10/INFO]: Preparing spawn area: 40%
[02:42:30] [Worker-Main-8/INFO]: Preparing spawn area: 41%
[02:42:31] [Worker-Main-10/INFO]: Preparing spawn area: 45%
[02:42:31] [Worker-Main-8/INFO]: Preparing spawn area: 50%
[02:42:32] [Worker-Main-6/INFO]: Preparing spawn area: 76%
[02:42:32] [Worker-Main-9/INFO]: Preparing spawn area: 95%
[02:42:34] [Server thread/INFO]: Time elapsed: 18669 ms
[02:42:34] [Server thread/INFO]: Done (18.823s)! For help, type "help"
[02:44:14] [Server thread/INFO]: com.mojang.authlib.GameProfile@1e2fb04a[id=<null>,name=JWWang,properties={},legacy=false] (/192.168.12.4:7614) lost connection: Disconnected
[02:44:14] [User Authenticator #1/INFO]: UUID of player JWWang is 0b6a9ba8-fb3a-41fc-bd18-45dce23f5e30
[02:52:05] [User Authenticator #2/INFO]: UUID of player JWWang is 0b6a9ba8-fb3a-41fc-bd18-45dce23f5e30
[02:52:05] [Server thread/INFO]: JWWang[/192.168.12.4:7935] logged in with entity id 296 at (108.13749998807907, 69.0, -305.2255779403307)
[02:52:05] [Server thread/INFO]: JWWang joined the game
[02:52:06] [Server thread/INFO]: JWWang lost connection: Disconnected
[02:52:06] [Server thread/INFO]: JWWang left the game
[02:52:06] [Server thread/WARN]: handleDisconnection() called twice
